<?xml version="1.0" encoding="UTF-8"?>
<testsuite name="com.userRegistration.UserPasswordTest" tests="6" skipped="0" failures="0" errors="0" timestamp="2019-11-25T03:43:01" hostname="FH400" time="0.018">
  <properties/>
  <testcase name="validatePassword_ifContainsNoNumeric_returnFalse" classname="com.userRegistration.UserPasswordTest" time="0.01"/>
  <testcase name="validatePassword_ifContainsNoLowercaseLetter_returnFalse" classname="com.userRegistration.UserPasswordTest" time="0.001"/>
  <testcase name="validatePassword_ifContainsAtleastOneUpperOneLowerOneDigitOneSpChar_returnTrue" classname="com.userRegistration.UserPasswordTest" time="0.001"/>
  <testcase name="validatePassword_ifContainsNoSpecialChar_returnFalse" classname="com.userRegistration.UserPasswordTest" time="0.001"/>
  <testcase name="validatePassword_iflengthIsLessThan8_returnFalse" classname="com.userRegistration.UserPasswordTest" time="0.0"/>
  <testcase name="validatePassword_ifContainsNoUppercaseLetter_returnFalse" classname="com.userRegistration.UserPasswordTest" time="0.001"/>
  <system-out><![CDATA[
 validatePassword_ifContainsNoNumeric_returnFalse
false

 validatePassword_ifContainsNoLowercaseLetter_returnFalse
false

 validatePassword_ifContainsAtleastOneUpperOneLowerOneDigitOneSpChar_returnTrue
true

 validatePassword_ifContainsNoSpecialChar_returnFalse
false

validatePassword_iflengthIsLessThan8_returnFalse 
false

 validatePassword_ifContainsNoUppercaseLetter_returnFalse
false
]]></system-out>
  <system-err><![CDATA[]]></system-err>
</testsuite>
