<?xml version="1.0" encoding="UTF-8"?>
<testsuite name="com.userRegistration.UserRegistrationTest" tests="1" skipped="0" failures="0" errors="0" timestamp="2019-11-22T12:53:18" hostname="FH400" time="0.008">
  <properties/>
  <testcase name="validateMobileNumber_ifNumbers_containCharachtersInStart_returnFalse" classname="com.userRegistration.UserRegistrationTest" time="0.008"/>
  <system-out><![CDATA[false
]]></system-out>
  <system-err><![CDATA[]]></system-err>
</testsuite>
